<?xml version="1.0" encoding="UTF-8"?>
<testsuite name="Cucumber" time="15.897" tests="2" skipped="0" failures="0" errors="0">
<testcase classname="Verify ACME bank login page" name="Validate ACME bank login page with valid userid and password" time="15.411">
<system-out><![CDATA[
Given valid url ACME login page.............................................passed
And user is on ACME login page..............................................passed
When user enters userid and password........................................passed
And click sign in button....................................................passed
Then user is navigated to ACME home page....................................passed
]]></system-out>
</testcase>
<testcase classname="feature to test login functionality" name="Check login is successfull with valid credential" time="0.034">
<system-out><![CDATA[
Given user is on login page.................................................passed
When user enters username and password......................................passed
And clicks on login button..................................................passed
Then user is navigate to home page..........................................passed
]]></system-out>
</testcase>
</testsuite>
